<?xml version="1.0" encoding="UTF-8"?>
<testng-results ignored="0" total="4" passed="4" failed="0" skipped="0">
  <reporter-output>
  </reporter-output>
  <suite started-at="2025-09-04T14:50:53 EET" name="Default suite" finished-at="2025-09-04T14:51:18 EET" duration-ms="24953">
    <groups>
    </groups>
    <test started-at="2025-09-04T14:50:53 EET" name="Default test" finished-at="2025-09-04T14:51:18 EET" duration-ms="24953">
      <class name="tests.UserTests">
        <test-method is-config="true" signature="setup()[pri:0, instance:tests.UserTests@3e8c3cb]" started-at="2025-09-04T14:50:53 EET" name="setup" finished-at="2025-09-04T14:50:57 EET" duration-ms="4018" status="PASS">
          <reporter-output>
          </reporter-output>
        </test-method> <!-- setup -->
        <test-method signature="testSignup()[pri:1, instance:tests.UserTests@3e8c3cb]" started-at="2025-09-04T14:50:57 EET" name="testSignup" finished-at="2025-09-04T14:51:03 EET" duration-ms="5507" status="PASS">
          <reporter-output>
          </reporter-output>
        </test-method> <!-- testSignup -->
        <test-method signature="testLogout()[pri:2, instance:tests.UserTests@3e8c3cb]" started-at="2025-09-04T14:51:03 EET" name="testLogout" finished-at="2025-09-04T14:51:05 EET" duration-ms="1953" status="PASS">
          <reporter-output>
          </reporter-output>
        </test-method> <!-- testLogout -->
        <test-method signature="testLogin()[pri:3, instance:tests.UserTests@3e8c3cb]" started-at="2025-09-04T14:51:05 EET" name="testLogin" finished-at="2025-09-04T14:51:08 EET" depends-on-methods="tests.UserTests.testSignup" duration-ms="2903" status="PASS">
          <reporter-output>
          </reporter-output>
        </test-method> <!-- testLogin -->
        <test-method signature="testAddToCartAndCheckout()[pri:4, instance:tests.UserTests@3e8c3cb]" started-at="2025-09-04T14:51:08 EET" name="testAddToCartAndCheckout" finished-at="2025-09-04T14:51:18 EET" duration-ms="10359" status="PASS">
          <reporter-output>
          </reporter-output>
        </test-method> <!-- testAddToCartAndCheckout -->
        <test-method is-config="true" signature="teardown()[pri:0, instance:tests.UserTests@3e8c3cb]" started-at="2025-09-04T14:51:18 EET" name="teardown" finished-at="2025-09-04T14:51:18 EET" duration-ms="179" status="PASS">
          <reporter-output>
          </reporter-output>
        </test-method> <!-- teardown -->
      </class> <!-- tests.UserTests -->
    </test> <!-- Default test -->
  </suite> <!-- Default suite -->
</testng-results>
